<?xml version="1.0" encoding="UTF-8"?>
<testsuite xmlns:xsi="http://www.w3.org/2001/XMLSchema-instance" xsi:noNamespaceSchemaLocation="https://maven.apache.org/surefire/maven-surefire-plugin/xsd/surefire-test-report.xsd" version="3.0.1" name="com.mycompany.app.GameTest" time="0.674" tests="58" errors="0" skipped="0" failures="0">
  <properties>
[...]
</properties>
  <testcase name="testCheckStateOWinVertical" classname="com.mycompany.app.GameTest" time="0.01"/>
  <testcase name="testNmoveInitialized" classname="com.mycompany.app.GameTest" time="0.001"/>
  <testcase name="testTicTacToeCellSetMarkerDisabled" classname="com.mycompany.app.GameTest" time="0.181"/>
  <testcase name="testUtilityPrintArrayList" classname="com.mycompany.app.GameTest" time="0.006">
    <system-out><![CDATA[
1-2-3-
]]></system-out>
  </testcase>
  <testcase name="testGameINFConstant" classname="com.mycompany.app.GameTest" time="0.002"/>
  <testcase name="testQCounterIncrements" classname="com.mycompany.app.GameTest" time="0.111"/>
  <testcase name="testUtilityPrintCharArrayFull" classname="com.mycompany.app.GameTest" time="0.0">
    <system-out><![CDATA[
X-O-X-O-X-O-X-O-X-
]]></system-out>
  </testcase>
  <testcase name="testCheckStateDraw" classname="com.mycompany.app.GameTest" time="0.009"/>
  <testcase name="testUtilityPrintIntArray" classname="com.mycompany.app.GameTest" time="0.0">
    <system-out><![CDATA[
1-2-3-4-5-6-7-8-9-
]]></system-out>
  </testcase>
  <testcase name="testUtilityPrintEmptyArrayList" classname="com.mycompany.app.GameTest" time="0.0">
    <system-out><![CDATA[

]]></system-out>
  </testcase>
  <testcase name="testCheckStateNoWinAfterMultipleMoves" classname="com.mycompany.app.GameTest" time="0.009"/>
  <testcase name="testMaxMoveWithNearlyFullBoard" classname="com.mycompany.app.GameTest" time="0.0"/>
  <testcase name="testPlayerWin" classname="com.mycompany.app.GameTest" time="0.0"/>
  <testcase name="testCheckStateXWinDiagonalReverse" classname="com.mycompany.app.GameTest" time="0.0"/>
  <testcase name="testCheckStatePlaying" classname="com.mycompany.app.GameTest" time="0.0"/>
  <testcase name="testCheckStateXWinVertical" classname="com.mycompany.app.GameTest" time="0.0"/>
  <testcase name="testSymbolChanges" classname="com.mycompany.app.GameTest" time="0.0"/>
  <testcase name="testMaxMoveReturnsWin" classname="com.mycompany.app.GameTest" time="0.0"/>
  <testcase name="testTicTacToeCellSetMarker" classname="com.mycompany.app.GameTest" time="0.0"/>
  <testcase name="testCheckStateXWinHorizontalRow2" classname="com.mycompany.app.GameTest" time="0.0"/>
  <testcase name="testCheckStateXWinHorizontalRow3" classname="com.mycompany.app.GameTest" time="0.0"/>
  <testcase name="testTicTacToeCellCreation" classname="com.mycompany.app.GameTest" time="0.0"/>
  <testcase name="testCheckStateXWinHorizontal" classname="com.mycompany.app.GameTest" time="0.016"/>
  <testcase name="testCheckStateOWinDiagonal" classname="com.mycompany.app.GameTest" time="0.0"/>
  <testcase name="testGenerateMovesOneMove" classname="com.mycompany.app.GameTest" time="0.001"/>
  <testcase name="testEvaluatePositionPlaying" classname="com.mycompany.app.GameTest" time="0.0"/>
  <testcase name="testEvaluatePositionXWinForPlayerO" classname="com.mycompany.app.GameTest" time="0.0"/>
  <testcase name="testCheckStateOWinHorizontal" classname="com.mycompany.app.GameTest" time="0.0"/>
  <testcase name="testEvaluatePositionDraw" classname="com.mycompany.app.GameTest" time="0.0"/>
  <testcase name="testEvaluatePositionOWin" classname="com.mycompany.app.GameTest" time="0.009"/>
  <testcase name="testEvaluatePositionXWin" classname="com.mycompany.app.GameTest" time="0.001"/>
  <testcase name="testTicTacToeCellCreationWithValues" classname="com.mycompany.app.GameTest" time="0.0"/>
  <testcase name="testMinMoveWithNearlyFullBoard" classname="com.mycompany.app.GameTest" time="0.0"/>
  <testcase name="testMiniMaxWithThreeMoves" classname="com.mycompany.app.GameTest" time="0.0">
    <system-out><![CDATA[
minimax:   2(0) 
minimax:   3(-100) 
minimax:   4(0) 
minimax:   6(0) 
minimax:   7(-100) 
minimax:   8(0) 
minimax best:   6(0) Steps counted: 532]]></system-out>
  </testcase>
  <testcase name="testEvaluatePositionOWinForPlayerX" classname="com.mycompany.app.GameTest" time="0.0"/>
  <testcase name="testMaxMove" classname="com.mycompany.app.GameTest" time="0.071"/>
  <testcase name="testPlayerSelected" classname="com.mycompany.app.GameTest" time="0.0"/>
  <testcase name="testMinMove" classname="com.mycompany.app.GameTest" time="0.047"/>
  <testcase name="testPlayerSymbol" classname="com.mycompany.app.GameTest" time="0.0"/>
  <testcase name="testCheckStateXWinDiagonal" classname="com.mycompany.app.GameTest" time="0.0"/>
  <testcase name="testGenerateMovesSomeFilled" classname="com.mycompany.app.GameTest" time="0.0"/>
  <testcase name="testUtilityPrintCharArray" classname="com.mycompany.app.GameTest" time="0.0">
    <system-out><![CDATA[
X-O- - - - - - - -
]]></system-out>
  </testcase>
  <testcase name="testMiniMaxFirstMove" classname="com.mycompany.app.GameTest" time="0.103">
    <system-out><![CDATA[
minimax:   1(0) 
minimax:   2(0) 
minimax:   3(0) 
minimax:   4(0) 
minimax:   5(0) 
minimax:   6(0) 
minimax:   7(0) 
minimax:   8(0) 
minimax:   9(0) 
minimax best:   4(0) Steps counted: 294777]]></system-out>
  </testcase>
  <testcase name="testGameConstructor" classname="com.mycompany.app.GameTest" time="0.0"/>
  <testcase name="testPlayerMove" classname="com.mycompany.app.GameTest" time="0.0"/>
  <testcase name="testCheckStateInitial" classname="com.mycompany.app.GameTest" time="0.0"/>
  <testcase name="testGenerateMovesFull" classname="com.mycompany.app.GameTest" time="0.0"/>
  <testcase name="testMiniMaxWithOneMove" classname="com.mycompany.app.GameTest" time="0.017">
    <system-out><![CDATA[
minimax:   2(-100) 
minimax:   3(-100) 
minimax:   4(-100) 
minimax:   5(0) 
minimax:   6(-100) 
minimax:   7(-100) 
minimax:   8(-100) 
minimax:   9(-100) 
minimax best:   5(0) Steps counted: 31972]]></system-out>
  </testcase>
  <testcase name="testGameStateConstantValues" classname="com.mycompany.app.GameTest" time="0.017"/>
  <testcase name="testUtilityPrintEmptyIntArray" classname="com.mycompany.app.GameTest" time="0.0">
    <system-out><![CDATA[
0-0-0-0-0-0-0-0-0-
]]></system-out>
  </testcase>
  <testcase name="testMinMoveReturnsWin" classname="com.mycompany.app.GameTest" time="0.0"/>
  <testcase name="testGenerateMovesEmpty" classname="com.mycompany.app.GameTest" time="0.0"/>
  <testcase name="testCheckStateXWinVerticalCol2" classname="com.mycompany.app.GameTest" time="0.0"/>
  <testcase name="testCheckStateXWinVerticalCol3" classname="com.mycompany.app.GameTest" time="0.0"/>
  <testcase name="testBoardInitializedEmpty" classname="com.mycompany.app.GameTest" time="0.016"/>
  <testcase name="testMiniMaxWithTwoMoves" classname="com.mycompany.app.GameTest" time="0.0">
    <system-out><![CDATA[
minimax:   2(0) 
minimax:   3(0) 
minimax:   4(0) 
minimax:   6(0) 
minimax:   7(0) 
minimax:   8(0) 
minimax:   9(0) 
minimax best:   4(0) Steps counted: 3863]]></system-out>
  </testcase>
  <testcase name="testTicTacToeCellGetCol" classname="com.mycompany.app.GameTest" time="0.011"/>
  <testcase name="testTicTacToeCellGetRow" classname="com.mycompany.app.GameTest" time="0.0"/>
</testsuite>